[0m01:11:54.577984 [debug] [MainThread]: Sending event: {'category': 'dbt', 'action': 'invocation', 'label': 'start', 'context': [<snowplow_tracker.self_describing_json.SelfDescribingJson object at 0x000001E5B1333380>, <snowplow_tracker.self_describing_json.SelfDescribingJson object at 0x000001E5AE8B9BD0>, <snowplow_tracker.self_describing_json.SelfDescribingJson object at 0x000001E5B3127C50>]}


============================== 01:11:54.581975 | 8fccb9a8-eb58-48e7-bcdf-730c04322fc8 ==============================
[0m01:11:54.581975 [info ] [MainThread]: Running with dbt=1.10.3
[0m01:11:54.582727 [debug] [MainThread]: running dbt with arguments {'printer_width': '80', 'indirect_selection': 'eager', 'write_json': 'True', 'log_cache_events': 'False', 'partial_parse': 'True', 'cache_selected_only': 'False', 'profiles_dir': 'C:\\Users\\Asus\\.dbt', 'fail_fast': 'False', 'warn_error': 'None', 'log_path': 'logs', 'version_check': 'True', 'debug': 'False', 'use_colors': 'True', 'use_experimental_parser': 'False', 'no_print': 'None', 'quiet': 'False', 'empty': 'None', 'warn_error_options': 'WarnErrorOptionsV2(error=[], warn=[], silence=[])', 'invocation_command': 'dbt init dbt_transform', 'introspect': 'True', 'static_parser': 'True', 'target_path': 'None', 'log_format': 'default', 'send_anonymous_usage_stats': 'True'}
[0m01:11:54.612653 [debug] [MainThread]: Starter project path: C:\Users\Asus\Desktop\DE_LISBOA\Aulas\Project\appliedProject\EDIT_DE_Applied_Project\.venv\Lib\site-packages\dbt\include\starter_project
[0m01:11:54.629459 [info ] [MainThread]: 
Your new dbt project "dbt_transform" was created!

For more information on how to configure the profiles.yml file,
please consult the dbt documentation here:

  https://docs.getdbt.com/docs/configure-your-profile

One more thing:

Need help? Don't hesitate to reach out to us via GitHub issues or on Slack:

  https://community.getdbt.com/

Happy modeling!

[0m01:11:54.630684 [info ] [MainThread]: Setting up your profile.
[0m01:15:02.541367 [info ] [MainThread]: Profile dbt_transform written to C:\Users\Asus\.dbt\profiles.yml using target's profile_template.yml and your supplied values. Run 'dbt debug' to validate the connection.
[0m01:15:02.543241 [debug] [MainThread]: Command `dbt init` succeeded at 01:15:02.542986 after 188.11 seconds
[0m01:15:02.543790 [debug] [MainThread]: Sending event: {'category': 'dbt', 'action': 'invocation', 'label': 'end', 'context': [<snowplow_tracker.self_describing_json.SelfDescribingJson object at 0x000001E5B361A190>, <snowplow_tracker.self_describing_json.SelfDescribingJson object at 0x000001E5B367E7B0>, <snowplow_tracker.self_describing_json.SelfDescribingJson object at 0x000001E5B3195480>]}
[0m01:15:02.544272 [debug] [MainThread]: Flushing usage events
[0m01:15:03.041261 [debug] [MainThread]: An error was encountered while trying to flush usage events
